     1                                 %line 1+1 add3.asm
     2                                 
     3                                 
     4                                 
     5                                 
     6                                 
     7                                 
     8                                 [segment .data]
     9 00000000 AF00000000000000        a dq 0xAF
    10 00000008 0310000000000000        b dq 4099
    11 00000010 51FFFFFFFFFFFFFF        c dq -175
    12 00000018 FFEFFFFFFFFFFFFF        d dq -4097
    13 00000020 0000000000000000        e dq 0
    14                                 
    15                                 [segment .text]
    16                                 [global main]
    17                                 main:
    18 00000000 488B0425[00000000]      mov rax, [a]
    19 00000008 488B1C25[00000000]      mov rbx, [b]
    20 00000010 488B0C25[00000000]      mov rcx, [c]
    21 00000018 488B1425[00000000]      mov rdx, [d]
    22 00000020 4801D8                  add rax, rbx
    23 00000023 4801C8                  add rax, rcx
    24 00000026 4801D0                  add rax, rdx
    25 00000029 48890425[00000000]      mov [e], rax
    26 00000031 4831C0                  xor rax, rax
    27 00000034 C3                      ret
