     1                                 %line 1+1 add4.asm
     2                                 
     3                                 
     4                                 
     5                                 
     6                                 
     7                                 
     8                                 
     9                                 
    10                                 
    11                                 
    12                                 [segment .data]
    13 00000000 9700000000000000        a dq 151
    14 00000008 3601000000000000        b dq 310
    15 00000010 0000000000000000        sum dq 0
    16                                 
    17                                 [segment .text]
    18                                 [global main]
    19                                  main:
    20 00000000 55                      push rbp
    21 00000001 4889E5                  mov rbp, rsp
    22 00000004 4883EC10                sub rsp, 16
    23 00000008 48C7C009000000          mov rax, 9
    24 0000000F 48010425[00000000]      add [a], rax
    25 00000017 488B0425[00000000]      mov rax, [b]
    26 0000001F 4883C00A                add rax, 10
    27 00000023 48030425[00000000]      add rax, [a]
    28 0000002B 48890425[00000000]      mov [sum], rax
    29 00000033 48C7C000000000          mov rax, 0
    30 0000003A C9                      leave
    31 0000003B C3                      ret
