     1                                 %line 1+1 data.asm
     2                                 
     3                                 
     4                                 
     5                                 
     6                                 
     7                                 
     8                                 
     9                                 
    10                                 [segment data]
    11 00000000 25000000                a dd 37
    12 00000004 BFFFFFFF                b dd -65
    13 00000008 5E010000                c dd 350
    14 0000000C 55FEFFFF                d dd -427
    15 00000010 AA020000                e dd 0000001010101010
    16 00000014 EDFF0000                f dd 1111111111101101
    17 00000018 01010000                g dd 0x0101
    18 0000001C CCFF0000                h dd 0xffcc
    19 00000020 5A010000                i dd 0x015a
    20 00000024 DCFE0000                j dd 0xfedc
    21 00000028 01010000                k dd 0x0101
    22 0000002C DCAC0000                l dd 0xacdc
    23 00000030 0000B03F                m dd 1.375
    24 00000034 00D40EC4                n dd -571.3125
    25 00000038 0000283D                o dd 0.041015625
    26 0000003C 00B27F45                p dd 4091.125
