     1                                 %line 1+1 div.asm
     2                                 
     3                                 
     4                                 
     5                                 [segment .data]
     6 00000000 6400000000000000        x dq 100
     7 00000008 0500000000000000        y dq 5
     8 00000010 0000000000000000        q dq 0
     9 00000018 0000000000000000        r dq 0
    10                                 
    11                                 [segment .text]
    12                                 [global main]
    13                                  main:
    14 00000000 55                      push rbp
    15 00000001 4889E5                  mov rbp, rsp
    16 00000004 4883EC10                sub rsp, 16
    17 00000008 488B0425[00000000]      mov rax, [x]
    18 00000010 48C7C200000000          mov rdx, 0
    19 00000017 488B0C25[00000000]      mov rcx, [y]
    20 0000001F 48F7F9                  idiv rcx
    21 00000022 48890425[00000000]      mov [q], rax
    22 0000002A 48891425[00000000]      mov [r], rdx
    23 00000032 48C7C000000000          mov rax, 0
    24 00000039 C9                      leave
    25 0000003A C3                      ret
