     1                                 %line 1+1 electric_bill.asm
     2                                 
     3                                 
     4                                 
     5                                 
     6                                 
     7                                 
     8                                 
     9                                 
    10                                 
    11                                 
    12                                 
    13                                 [segment .data]
    14 00000000 3200000000000000        cpkh dq 50
    15 00000008 8813000000000000        kh dq 5000
    16 00000010 0000000000000000        d dq 0
    17 00000018 0000000000000000        p dq 0
    18                                 
    19                                 [segment .text]
    20                                 [global main]
    21                                 main:
    22 00000000 55                      push rbp
    23 00000001 4889E5                  mov rbp, rsp
    24 00000004 4883EC10                sub rsp, 16
    25 00000008 488B0425[00000000]      mov rax, [kh]
    26 00000010 48C7C200000000          mov rdx, 0
    27 00000017 48C7C1E8030000          mov rcx, 1000
    28 0000001E 48F7F9                  idiv rcx
    29 00000021 48C7C300000000          mov rbx, 0
    30 00000028 480F4CC3                cmovl rax, rbx
    31 0000002C 4889C3                  mov rbx, rax
    32 0000002F 48C7C005000000          mov rax, 5
    33 00000036 48030425[00000000]      add rax, [cpkh]
    34 0000003E 480FAFC3                imul rax, rbx
    35 00000042 48C7C200000000          mov rdx, 0
    36 00000049 48C7C164000000          mov rcx, 100
    37 00000050 48F7F9                  idiv rcx
    38 00000053 48890425[00000000]      mov [d], rax
    39 0000005B 48891425[00000000]      mov [p], rdx
    40 00000063 48C7C000000000          mov rax, 0
    41 0000006A C9                      leave
    42 0000006B C3                      ret
