     1                                 %line 1+1 gpa.asm
     2                                 
     3                                 
     4                                 
     5                                 
     6                                 
     7                                 
     8                                 
     9                                 
    10                                 
    11                                 
    12                                 [segment .data]
    13 00000000 4B00000000000000        a dq 75
    14 00000008 0A00000000000000        b dq 10
    15 00000010 3500000000000000        c dq 53
    16 00000018 2400000000000000        d dq 36
    17 00000020 0400000000000000        n dq 4
    18 00000028 0000000000000000        avr dq 0
    19 00000030 0000000000000000        rem dq 0
    20                                 
    21                                 [segment .text]
    22                                 [global main]
    23                                  main:
    24 00000000 55                      push rbp
    25 00000001 4889E5                  mov rbp, rsp
    26 00000004 4883EC10                sub rsp, 16
    27 00000008 488B0425[00000000]      mov rax, [a]
    28 00000010 48030425[00000000]      add rax, [b]
    29 00000018 48030425[00000000]      add rax, [c]
    30 00000020 48030425[00000000]      add rax, [d]
    31 00000028 48C7C200000000          mov rdx, 0
    32 0000002F 488B0C25[00000000]      mov rcx, [n]
    33 00000037 48F7F9                  idiv rcx
    34 0000003A 48890425[00000000]      mov [avr], rax
    35 00000042 48891425[00000000]      mov [rem], rdx
    36 0000004A 48C7C000000000          mov rax, 0
    37 00000051 C9                      leave
    38 00000052 C3                      ret
