     1                                 %line 1+1 squared_distance.asm
     2                                 
     3                                 
     4                                 
     5                                 
     6                                 
     7                                 
     8                                 
     9                                 
    10                                 
    11                                 
    12                                 [segment .data]
    13 00000000 0700000000000000        xa dq 7
    14 00000008 0300000000000000        xb dq 3
    15 00000010 0500000000000000        ya dq 5
    16 00000018 0300000000000000        yb dq 3
    17 00000020 0000000000000000        sd dq 0
    18                                 
    19                                 [segment .text]
    20                                 [global main]
    21                                  main:
    22 00000000 55                      push rbp
    23 00000001 4889E5                  mov rbp, rsp
    24 00000004 4883EC10                sub rsp, 16
    25 00000008 488B1C25[00000000]      mov rbx, [xa]
    26 00000010 482B1C25[00000000]      sub rbx, [xb]
    27 00000018 480FAFDB                imul rbx, rbx
    28 0000001C 4889D8                  mov rax, rbx
    29 0000001F 488B0C25[00000000]      mov rcx, [ya]
    30 00000027 482B0C25[00000000]      sub rcx, [yb]
    31 0000002F 480FAFC9                imul rcx, rcx
    32 00000033 4801C8                  add rax, rcx
    33 00000036 48890425[00000000]      mov [sd], rax
    34 0000003E 48C7C000000000          mov rax, 0
    35 00000045 C9                      leave
    36 00000046 C3                      ret
